<?xml version="1.0" encoding="UTF-8"?>
<!-- Generated by org.testng.reporters.JUnitXMLReporter -->
<testsuite ignored="0" hostname="LAPTOP-QS2SFSJS" failures="0" tests="3" name="ShoppingFlowTest" time="40.108" errors="0" timestamp="2025-09-07T12:42:08 IST">
  <testcase classname="tests.LaunchTest" name="openGoogle" time="6.259"/>
  <testcase classname="tests.OrangeHRMTest" name="testSearchInAdminPage" time="19.448"/>
  <testcase classname="tests.AmazonTest" name="openAmazonAndClickItem" time="7.689"/>
</testsuite> <!-- ShoppingFlowTest -->
