<?xml version="1.0" encoding="UTF-8"?>
<!-- Generated by org.testng.reporters.JUnitXMLReporter -->
<testsuite ignored="0" hostname="LAPTOP-QS2SFSJS" failures="0" tests="3" name="ShoppingFlowTest" time="118.964" errors="0" timestamp="2025-09-07T16:45:41 IST">
  <testcase classname="tests.OrangeHRMTest" name="testSearchInAdminPage" time="37.968"/>
  <testcase classname="tests.LaunchTest" name="openGoogle" time="89.808"/>
  <testcase classname="tests.AmazonTest" name="openAmazonAndClickItem" time="115.181"/>
</testsuite> <!-- ShoppingFlowTest -->
