<?xml version="1.0" encoding="UTF-8"?>
<!-- Generated by org.testng.reporters.JUnitXMLReporter -->
<testsuite ignored="0" hostname="LAPTOP-QS2SFSJS" failures="0" tests="3" name="ShoppingFlowTest" time="39.044" errors="0" timestamp="2025-09-07T12:46:42 IST">
  <testcase classname="tests.LaunchTest" name="openGoogle" time="4.171"/>
  <testcase classname="tests.OrangeHRMTest" name="testSearchInAdminPage" time="24.54"/>
  <testcase classname="tests.AmazonTest" name="openAmazonAndClickItem" time="7.057"/>
</testsuite> <!-- ShoppingFlowTest -->
