<?xml version="1.0" encoding="UTF-8"?>
<testng-results ignored="0" total="3" passed="3" failed="0" skipped="0">
  <reporter-output>
  </reporter-output>
  <suite started-at="2025-09-07T16:45:46 IST" name="ParallelTestSuite" finished-at="2025-09-07T16:46:23 IST" duration-ms="36388">
    <groups>
    </groups>
    <test started-at="2025-09-07T16:45:46 IST" name="ShoppingFlowTest" finished-at="2025-09-07T16:46:23 IST" duration-ms="36388">
      <class name="tests.AmazonTest">
        <test-method is-config="true" signature="setUp()[pri:0, instance:tests.AmazonTest@66982506]" started-at="2025-09-07T16:45:47 IST" name="setUp" finished-at="2025-09-07T16:45:50 IST" duration-ms="3500" status="PASS">
          <reporter-output>
          </reporter-output>
        </test-method> <!-- setUp -->
        <test-method signature="openAmazonAndClickItem()[pri:0, instance:tests.AmazonTest@66982506]" started-at="2025-09-07T16:45:50 IST" name="openAmazonAndClickItem" description="Open Amazon, search a product, click first item" finished-at="2025-09-07T16:46:23 IST" duration-ms="32499" status="PASS">
          <reporter-output>
          </reporter-output>
        </test-method> <!-- openAmazonAndClickItem -->
        <test-method is-config="true" signature="tearDown()[pri:0, instance:tests.AmazonTest@66982506]" started-at="2025-09-07T16:46:23 IST" name="tearDown" finished-at="2025-09-07T16:46:23 IST" duration-ms="264" status="PASS">
          <reporter-output>
          </reporter-output>
        </test-method> <!-- tearDown -->
      </class> <!-- tests.AmazonTest -->
      <class name="tests.LaunchTest">
        <test-method signature="openGoogle()[pri:0, instance:tests.LaunchTest@14028087]" started-at="2025-09-07T16:45:47 IST" name="openGoogle" finished-at="2025-09-07T16:45:54 IST" duration-ms="7027" status="PASS">
          <reporter-output>
          </reporter-output>
        </test-method> <!-- openGoogle -->
      </class> <!-- tests.LaunchTest -->
      <class name="tests.OrangeHRMTest">
        <test-method is-config="true" signature="setUp()[pri:0, instance:tests.OrangeHRMTest@5890e879]" started-at="2025-09-07T16:45:47 IST" name="setUp" finished-at="2025-09-07T16:45:50 IST" duration-ms="3250" status="PASS">
          <reporter-output>
          </reporter-output>
        </test-method> <!-- setUp -->
        <test-method signature="testSearchInAdminPage()[pri:0, instance:tests.OrangeHRMTest@5890e879]" started-at="2025-09-07T16:45:50 IST" name="testSearchInAdminPage" finished-at="2025-09-07T16:46:01 IST" duration-ms="10550" status="PASS">
          <reporter-output>
          </reporter-output>
        </test-method> <!-- testSearchInAdminPage -->
        <test-method is-config="true" signature="tearDown()[pri:0, instance:tests.OrangeHRMTest@5890e879]" started-at="2025-09-07T16:46:01 IST" name="tearDown" finished-at="2025-09-07T16:46:01 IST" duration-ms="318" status="PASS">
          <reporter-output>
          </reporter-output>
        </test-method> <!-- tearDown -->
      </class> <!-- tests.OrangeHRMTest -->
    </test> <!-- ShoppingFlowTest -->
  </suite> <!-- ParallelTestSuite -->
</testng-results>
