<?xml version="1.0" encoding="UTF-8"?>
<testng-results ignored="0" total="3" passed="3" failed="0" skipped="0">
  <reporter-output>
  </reporter-output>
  <suite started-at="2025-09-07T12:46:03 IST" name="FlipkartSuite" finished-at="2025-09-07T12:46:42 IST" duration-ms="39044">
    <groups>
    </groups>
    <test started-at="2025-09-07T12:46:03 IST" name="ShoppingFlowTest" finished-at="2025-09-07T12:46:42 IST" duration-ms="39044">
      <class name="tests.AmazonTest">
        <test-method is-config="true" signature="setUp()[pri:0, instance:tests.AmazonTest@70cf32e3]" started-at="2025-09-07T12:46:34 IST" name="setUp" finished-at="2025-09-07T12:46:35 IST" duration-ms="1063" status="PASS">
          <reporter-output>
          </reporter-output>
        </test-method> <!-- setUp -->
        <test-method signature="openAmazonAndClickItem()[pri:0, instance:tests.AmazonTest@70cf32e3]" started-at="2025-09-07T12:46:35 IST" name="openAmazonAndClickItem" description="Open Amazon, search a product, click first item" finished-at="2025-09-07T12:46:42 IST" duration-ms="7057" status="PASS">
          <reporter-output>
          </reporter-output>
        </test-method> <!-- openAmazonAndClickItem -->
        <test-method is-config="true" signature="tearDown()[pri:0, instance:tests.AmazonTest@70cf32e3]" started-at="2025-09-07T12:46:42 IST" name="tearDown" finished-at="2025-09-07T12:46:42 IST" duration-ms="366" status="PASS">
          <reporter-output>
          </reporter-output>
        </test-method> <!-- tearDown -->
      </class> <!-- tests.AmazonTest -->
      <class name="tests.LaunchTest">
        <test-method signature="openGoogle()[pri:0, instance:tests.LaunchTest@cecf639]" started-at="2025-09-07T12:46:03 IST" name="openGoogle" finished-at="2025-09-07T12:46:07 IST" duration-ms="4171" status="PASS">
          <reporter-output>
          </reporter-output>
        </test-method> <!-- openGoogle -->
      </class> <!-- tests.LaunchTest -->
      <class name="tests.OrangeHRMTest">
        <test-method is-config="true" signature="setUp()[pri:0, instance:tests.OrangeHRMTest@6440112d]" started-at="2025-09-07T12:46:07 IST" name="setUp" finished-at="2025-09-07T12:46:09 IST" duration-ms="1393" status="PASS">
          <reporter-output>
          </reporter-output>
        </test-method> <!-- setUp -->
        <test-method signature="testSearchInAdminPage()[pri:0, instance:tests.OrangeHRMTest@6440112d]" started-at="2025-09-07T12:46:09 IST" name="testSearchInAdminPage" finished-at="2025-09-07T12:46:33 IST" duration-ms="24540" status="PASS">
          <reporter-output>
          </reporter-output>
        </test-method> <!-- testSearchInAdminPage -->
        <test-method is-config="true" signature="tearDown()[pri:0, instance:tests.OrangeHRMTest@6440112d]" started-at="2025-09-07T12:46:33 IST" name="tearDown" finished-at="2025-09-07T12:46:34 IST" duration-ms="279" status="PASS">
          <reporter-output>
          </reporter-output>
        </test-method> <!-- tearDown -->
      </class> <!-- tests.OrangeHRMTest -->
    </test> <!-- ShoppingFlowTest -->
  </suite> <!-- FlipkartSuite -->
</testng-results>
